<?xml version="1.0" encoding="UTF-8"?>
<!-- Generated by org.testng.reporters.JUnitReportReporter -->
<testsuite hostname="LAPTOP-JVO5EBGE" failures="0" tests="1" name="aaa.bbb.FinalProject.tests.MyContactUsTest" time="12.446" errors="0" timestamp="2021-05-31T19:45:29 IDT" skipped="0">
  <testcase classname="aaa.bbb.FinalProject.tests.MyContactUsTest" name="f" time="12.446"/>
  <system-out/>
</testsuite> <!-- aaa.bbb.FinalProject.tests.MyContactUsTest -->
