<?xml version="1.0" encoding="UTF-8"?>
<!-- Generated by org.testng.reporters.JUnitReportReporter -->
<testsuite hostname="LAPTOP-JVO5EBGE" failures="0" tests="1" name="aaa.bbb.FinalProject.tests.SearchItemInBrowserTest" time="7.277" errors="0" timestamp="2021-06-01T18:05:46 IDT" skipped="0">
  <testcase classname="aaa.bbb.FinalProject.tests.SearchItemInBrowserTest" name="f" time="7.277"/>
  <system-out/>
</testsuite> <!-- aaa.bbb.FinalProject.tests.SearchItemInBrowserTest -->
