<?xml version="1.0" encoding="UTF-8"?>
<!-- Generated by org.testng.reporters.JUnitReportReporter -->
<testsuite hostname="DESKTOP-ND5T50A" failures="0" tests="1" name="aaa.bbb.FinalProject.tests.TestExample" time="3.089" errors="0" timestamp="2021-05-05T19:48:32 IDT" skipped="0">
  <testcase classname="aaa.bbb.FinalProject.tests.TestExample" name="f" time="3.089"/>
  <system-out/>
</testsuite> <!-- aaa.bbb.FinalProject.tests.TestExample -->
