<?xml version="1.0" encoding="UTF-8"?>
<!-- Generated by org.testng.reporters.JUnitReportReporter -->
<testsuite hostname="LAPTOP-JVO5EBGE" failures="0" tests="1" name="aaa.bbb.FinalProject.tests.AddItemToCartTest" time="21.871" errors="0" timestamp="2021-06-01T23:21:09 IDT" skipped="0">
  <testcase classname="aaa.bbb.FinalProject.tests.AddItemToCartTest" name="f" time="21.871"/>
  <system-out/>
</testsuite> <!-- aaa.bbb.FinalProject.tests.AddItemToCartTest -->
