<?xml version="1.0" encoding="UTF-8"?>
<!-- Generated by org.testng.reporters.JUnitReportReporter -->
<testsuite hostname="LAPTOP-JVO5EBGE" failures="0" tests="1" name="aaa.bbb.FinalProject.tests.LoginTest" time="16.603" errors="0" timestamp="2021-06-02T18:31:18 IDT" skipped="0">
  <testcase classname="aaa.bbb.FinalProject.tests.LoginTest" name="f" time="16.603"/>
  <system-out/>
</testsuite> <!-- aaa.bbb.FinalProject.tests.LoginTest -->
