<?xml version="1.0" encoding="UTF-8"?>
<!-- Generated by org.testng.reporters.JUnitReportReporter -->
<testsuite hostname="LAPTOP-JVO5EBGE" failures="0" tests="1" name="aaa.bbb.FinalProject.tests.SearchItemInBrowserTest" time="11.872" errors="0" timestamp="2021-06-02T22:11:05 IDT" skipped="0">
  <testcase classname="aaa.bbb.FinalProject.tests.SearchItemInBrowserTest" name="f" time="11.872"/>
  <system-out/>
</testsuite> <!-- aaa.bbb.FinalProject.tests.SearchItemInBrowserTest -->
