<?xml version="1.0" encoding="UTF-8"?>
<!-- Generated by org.testng.reporters.JUnitReportReporter -->
<testsuite hostname="LAPTOP-JVO5EBGE" failures="0" tests="1" name="aaa.bbb.FinalProject.tests.SignupWebTest" time="32.530" errors="0" timestamp="2021-06-02T22:21:02 IDT" skipped="0">
  <testcase classname="aaa.bbb.FinalProject.tests.SignupWebTest" name="f" time="32.530"/>
  <system-out/>
</testsuite> <!-- aaa.bbb.FinalProject.tests.SignupWebTest -->
