<?xml version="1.0" encoding="UTF-8"?>
<!-- Generated by org.testng.reporters.JUnitReportReporter -->
<testsuite hostname="LAPTOP-JVO5EBGE" failures="0" tests="1" name="aaa.bbb.FinalProject.tests.LoginTest" time="7.606" errors="0" timestamp="2021-06-02T22:22:28 IDT" skipped="0">
  <testcase classname="aaa.bbb.FinalProject.tests.LoginTest" name="f" time="7.606"/>
  <system-out/>
</testsuite> <!-- aaa.bbb.FinalProject.tests.LoginTest -->
