<?xml version="1.0" encoding="UTF-8"?>
<!-- Generated by org.testng.reporters.JUnitReportReporter -->
<testsuite hostname="LAPTOP-JVO5EBGE" failures="0" tests="1" name="aaa.bbb.FinalProject.tests.RemoveItemCarTest" time="17.248" errors="0" timestamp="2021-06-02T21:44:34 IDT" skipped="0">
  <testcase classname="aaa.bbb.FinalProject.tests.RemoveItemCarTest" name="f" time="17.248"/>
  <system-out/>
</testsuite> <!-- aaa.bbb.FinalProject.tests.RemoveItemCarTest -->
