<?xml version="1.0" encoding="UTF-8"?>
<!-- Generated by org.testng.reporters.JUnitReportReporter -->
<testsuite hostname="LAPTOP-JVO5EBGE" failures="0" tests="1" name="aaa.bbb.FinalProject.tests.SignupWebTest" time="39.240" errors="0" timestamp="2021-06-02T18:31:18 IDT" skipped="0">
  <testcase classname="aaa.bbb.FinalProject.tests.SignupWebTest" name="f" time="39.240"/>
  <system-out/>
</testsuite> <!-- aaa.bbb.FinalProject.tests.SignupWebTest -->
